<?xml version="1.0" encoding="UTF-8"?>
<!-- Generated by org.testng.reporters.JUnitXMLReporter -->
<testsuite hostname="PAVANKUMAR" failures="0" tests="5" name="Test2" time="21.483" errors="0" timestamp="2 Jun 2023 09:49:10 GMT">
  <testcase classname="com.apcfss.tests.PDChallanTest" name="EnterDataAndClickProceedClickPreviousWithEpay" time="8.696"/>
  <testcase classname="com.apcfss.tests.PDChallanTest" name="EnterDataAndClickProceedClickPreviousWithRtgs" time="9.388"/>
  <testcase classname="com.apcfss.tests.PDChallanTest" name="EnterDataAndClickProceedClickPreviousWithManualMode" time="8.931"/>
  <testcase classname="com.apcfss.tests.PDChallanTest" name="EnterDataAndClickProceedClickSubmitWithManualMode" time="7.551"/>
  <testcase classname="com.apcfss.tests.PDChallanTest" name="EnterDataAndClickProceedClickSubmitWithRtgs" time="6.979"/>
</testsuite> <!-- Test2 -->
