<?xml version="1.0" encoding="UTF-8"?>
<!-- Generated by org.testng.reporters.JUnitXMLReporter -->
<testsuite hostname="PAVANKUMAR" failures="14" tests="15" name="Test" time="230.886" errors="0" timestamp="21 Aug 2024 12:58:11 GMT">
  <testcase classname="com.apcfss.tests.PDChallanTest" name="verifyModuleLogoAndTitle" time="0.713"/>
  <testcase classname="com.apcfss.tests.PDChallanTest" name="ClickOnDepartmentInputBox" time="11.892">
    <failure type="org.openqa.selenium.ElementClickInterceptedException" message="element click intercepted: Element &amp;lt;input name=&amp;quot;departmentLabel&amp;quot; id=&amp;quot;department&amp;quot; class=&amp;quot;form-control input-sm mandatoryField&amp;quot; placeholder=&amp;quot;Department&amp;quot; type=&amp;quot;text&amp;quot; autocomplete=&amp;quot;off&amp;quot; value=&amp;quot;&amp;quot;&amp;gt; is not clickable at point (459, 330). Other element would receive the click: &amp;lt;div class=&amp;quot;swal2-container swal2-center swal2-backdrop-show&amp;quot; style=&amp;quot;overflow-y: auto;&amp;quot;&amp;gt;...&amp;lt;/div&amp;gt;
  (Session info: chrome=127.0.6533.120)
Build info: version: &amp;apos;4.11.0&amp;apos;, revision: &amp;apos;040bc5406b&amp;apos;
System info: os.name: &amp;apos;Windows 11&amp;apos;, os.arch: &amp;apos;amd64&amp;apos;, os.version: &amp;apos;10.0&amp;apos;, java.version: &amp;apos;17.0.4.1&amp;apos;
Driver info: org.openqa.selenium.chrome.ChromeDriver
Command: [9ff70883c85bd610a22dec4ea7ee90b8, clickElement {id=f.6086627320A5CFA61F3956EE89549DC0.d.EB90A8413FBC813E958E036A416D5FCD.e.2}]
Capabilities {acceptInsecureCerts: false, browserName: chrome, browserVersion: 127.0.6533.120, chrome: {chromedriverVersion: 127.0.6533.119 (bdef6783a05..., userDataDir: C:\Users\tpkta\AppData\Loca...}, fedcm:accounts: true, goog:chromeOptions: {debuggerAddress: localhost:50689}, networkConnectionEnabled: false, pageLoadStrategy: normal, platformName: windows, proxy: Proxy(), se:cdp: ws://localhost:50689/devtoo..., se:cdpVersion: 127.0.6533.120, setWindowRect: true, strictFileInteractability: false, timeouts: {implicit: 0, pageLoad: 300000, script: 30000}, unhandledPromptBehavior: dismiss and notify, webauthn:extension:credBlob: true, webauthn:extension:largeBlob: true, webauthn:extension:minPinLength: true, webauthn:extension:prf: true, webauthn:virtualAuthenticators: true}
Element: [[ChromeDriver: chrome on windows (9ff70883c85bd610a22dec4ea7ee90b8)] -&amp;gt; xpath: //input[@id=&amp;apos;department&amp;apos;]]
Session ID: 9ff70883c85bd610a22dec4ea7ee90b8">
      <![CDATA[org.openqa.selenium.ElementClickInterceptedException: element click intercepted: Element <input name="departmentLabel" id="department" class="form-control input-sm mandatoryField" placeholder="Department" type="text" autocomplete="off" value=""> is not clickable at point (459, 330). Other element would receive the click: <div class="swal2-container swal2-center swal2-backdrop-show" style="overflow-y: auto;">...</div>
  (Session info: chrome=127.0.6533.120)
Build info: version: '4.11.0', revision: '040bc5406b'
System info: os.name: 'Windows 11', os.arch: 'amd64', os.version: '10.0', java.version: '17.0.4.1'
Driver info: org.openqa.selenium.chrome.ChromeDriver
Command: [9ff70883c85bd610a22dec4ea7ee90b8, clickElement {id=f.6086627320A5CFA61F3956EE89549DC0.d.EB90A8413FBC813E958E036A416D5FCD.e.2}]
Capabilities {acceptInsecureCerts: false, browserName: chrome, browserVersion: 127.0.6533.120, chrome: {chromedriverVersion: 127.0.6533.119 (bdef6783a05..., userDataDir: C:\Users\tpkta\AppData\Loca...}, fedcm:accounts: true, goog:chromeOptions: {debuggerAddress: localhost:50689}, networkConnectionEnabled: false, pageLoadStrategy: normal, platformName: windows, proxy: Proxy(), se:cdp: ws://localhost:50689/devtoo..., se:cdpVersion: 127.0.6533.120, setWindowRect: true, strictFileInteractability: false, timeouts: {implicit: 0, pageLoad: 300000, script: 30000}, unhandledPromptBehavior: dismiss and notify, webauthn:extension:credBlob: true, webauthn:extension:largeBlob: true, webauthn:extension:minPinLength: true, webauthn:extension:prf: true, webauthn:virtualAuthenticators: true}
Element: [[ChromeDriver: chrome on windows (9ff70883c85bd610a22dec4ea7ee90b8)] -> xpath: //input[@id='department']]
Session ID: 9ff70883c85bd610a22dec4ea7ee90b8
	at org.openqa.selenium.remote.codec.w3c.W3CHttpResponseCodec.createException(W3CHttpResponseCodec.java:200)
	at org.openqa.selenium.remote.codec.w3c.W3CHttpResponseCodec.decode(W3CHttpResponseCodec.java:133)
	at org.openqa.selenium.remote.codec.w3c.W3CHttpResponseCodec.decode(W3CHttpResponseCodec.java:52)
	at org.openqa.selenium.remote.HttpCommandExecutor.execute(HttpCommandExecutor.java:191)
	at org.openqa.selenium.remote.service.DriverCommandExecutor.invokeExecute(DriverCommandExecutor.java:196)
	at org.openqa.selenium.remote.service.DriverCommandExecutor.execute(DriverCommandExecutor.java:171)
	at org.openqa.selenium.remote.RemoteWebDriver.execute(RemoteWebDriver.java:518)
	at org.openqa.selenium.remote.RemoteWebElement.execute(RemoteWebElement.java:224)
	at org.openqa.selenium.remote.RemoteWebElement.click(RemoteWebElement.java:77)
	at com.apcfss.pages.BasePage.click(BasePage.java:23)
	at com.apcfss.pdchallan.pages.TreasuryInfoPage.clickOnDepartmentTextBox(TreasuryInfoPage.java:31)
	at com.apcfss.tests.PDChallanTest.ClickOnDepartmentInputBox(PDChallanTest.java:89)
	at java.base/java.util.concurrent.ThreadPoolExecutor.runWorker(ThreadPoolExecutor.java:1136)
	at java.base/java.util.concurrent.ThreadPoolExecutor$Worker.run(ThreadPoolExecutor.java:635)
	at java.base/java.lang.Thread.run(Thread.java:833)
... Removed 15 stack frames]]>
    </failure>
  </testcase> <!-- ClickOnDepartmentInputBox -->
  <testcase classname="com.apcfss.tests.PDChallanTest" name="ClickOnServiceInputBox" time="0.016">
    <failure type="java.lang.NullPointerException" message="Cannot invoke &amp;quot;org.openqa.selenium.SearchContext.findElement(org.openqa.selenium.By)&amp;quot; because &amp;quot;this.searchContext&amp;quot; is null">
      <![CDATA[java.lang.NullPointerException: Cannot invoke "org.openqa.selenium.SearchContext.findElement(org.openqa.selenium.By)" because "this.searchContext" is null
	at org.openqa.selenium.support.pagefactory.DefaultElementLocator.findElement(DefaultElementLocator.java:68)
	at org.openqa.selenium.support.pagefactory.internal.LocatingElementHandler.invoke(LocatingElementHandler.java:38)
	at jdk.proxy2/jdk.proxy2.$Proxy10.isDisplayed(Unknown Source)
	at org.openqa.selenium.support.ui.ExpectedConditions.isInvisible(ExpectedConditions.java:1374)
	at org.openqa.selenium.support.ui.ExpectedConditions.access$200(ExpectedConditions.java:37)
	at org.openqa.selenium.support.ui.ExpectedConditions$48.apply(ExpectedConditions.java:1362)
	at org.openqa.selenium.support.ui.ExpectedConditions$48.apply(ExpectedConditions.java:1358)
	at org.openqa.selenium.support.ui.FluentWait.until(FluentWait.java:205)
	at com.apcfss.tests.PDChallanTest.ClickOnServiceInputBox(PDChallanTest.java:98)
	at java.base/java.util.concurrent.ThreadPoolExecutor.runWorker(ThreadPoolExecutor.java:1136)
	at java.base/java.util.concurrent.ThreadPoolExecutor$Worker.run(ThreadPoolExecutor.java:635)
	at java.base/java.lang.Thread.run(Thread.java:833)
... Removed 10 stack frames]]>
    </failure>
  </testcase> <!-- ClickOnServiceInputBox -->
  <testcase classname="com.apcfss.tests.PDChallanTest" name="EnterRequiredDataAndClickOnProceed" time="11.38">
    <failure type="org.openqa.selenium.ElementClickInterceptedException" message="element click intercepted: Element &amp;lt;input name=&amp;quot;departmentLabel&amp;quot; id=&amp;quot;department&amp;quot; class=&amp;quot;form-control input-sm mandatoryField&amp;quot; placeholder=&amp;quot;Department&amp;quot; type=&amp;quot;text&amp;quot; autocomplete=&amp;quot;off&amp;quot; value=&amp;quot;&amp;quot;&amp;gt; is not clickable at point (459, 330). Other element would receive the click: &amp;lt;div class=&amp;quot;swal2-container swal2-center swal2-backdrop-show&amp;quot; style=&amp;quot;overflow-y: auto;&amp;quot;&amp;gt;...&amp;lt;/div&amp;gt;
  (Session info: chrome=127.0.6533.120)
Build info: version: &amp;apos;4.11.0&amp;apos;, revision: &amp;apos;040bc5406b&amp;apos;
System info: os.name: &amp;apos;Windows 11&amp;apos;, os.arch: &amp;apos;amd64&amp;apos;, os.version: &amp;apos;10.0&amp;apos;, java.version: &amp;apos;17.0.4.1&amp;apos;
Driver info: org.openqa.selenium.chrome.ChromeDriver
Command: [947b5f1b576fd18ddea7ece8078e2723, clickElement {id=f.FCBD7F2761866A14EE17ED45D2B6B0B3.d.29F068F49192A946E48FFD6D507DA22A.e.6}]
Capabilities {acceptInsecureCerts: false, browserName: chrome, browserVersion: 127.0.6533.120, chrome: {chromedriverVersion: 127.0.6533.119 (bdef6783a05..., userDataDir: C:\Users\tpkta\AppData\Loca...}, fedcm:accounts: true, goog:chromeOptions: {debuggerAddress: localhost:50744}, networkConnectionEnabled: false, pageLoadStrategy: normal, platformName: windows, proxy: Proxy(), se:cdp: ws://localhost:50744/devtoo..., se:cdpVersion: 127.0.6533.120, setWindowRect: true, strictFileInteractability: false, timeouts: {implicit: 0, pageLoad: 300000, script: 30000}, unhandledPromptBehavior: dismiss and notify, webauthn:extension:credBlob: true, webauthn:extension:largeBlob: true, webauthn:extension:minPinLength: true, webauthn:extension:prf: true, webauthn:virtualAuthenticators: true}
Element: [[ChromeDriver: chrome on windows (947b5f1b576fd18ddea7ece8078e2723)] -&amp;gt; xpath: //input[@id=&amp;apos;department&amp;apos;]]
Session ID: 947b5f1b576fd18ddea7ece8078e2723">
      <![CDATA[org.openqa.selenium.ElementClickInterceptedException: element click intercepted: Element <input name="departmentLabel" id="department" class="form-control input-sm mandatoryField" placeholder="Department" type="text" autocomplete="off" value=""> is not clickable at point (459, 330). Other element would receive the click: <div class="swal2-container swal2-center swal2-backdrop-show" style="overflow-y: auto;">...</div>
  (Session info: chrome=127.0.6533.120)
Build info: version: '4.11.0', revision: '040bc5406b'
System info: os.name: 'Windows 11', os.arch: 'amd64', os.version: '10.0', java.version: '17.0.4.1'
Driver info: org.openqa.selenium.chrome.ChromeDriver
Command: [947b5f1b576fd18ddea7ece8078e2723, clickElement {id=f.FCBD7F2761866A14EE17ED45D2B6B0B3.d.29F068F49192A946E48FFD6D507DA22A.e.6}]
Capabilities {acceptInsecureCerts: false, browserName: chrome, browserVersion: 127.0.6533.120, chrome: {chromedriverVersion: 127.0.6533.119 (bdef6783a05..., userDataDir: C:\Users\tpkta\AppData\Loca...}, fedcm:accounts: true, goog:chromeOptions: {debuggerAddress: localhost:50744}, networkConnectionEnabled: false, pageLoadStrategy: normal, platformName: windows, proxy: Proxy(), se:cdp: ws://localhost:50744/devtoo..., se:cdpVersion: 127.0.6533.120, setWindowRect: true, strictFileInteractability: false, timeouts: {implicit: 0, pageLoad: 300000, script: 30000}, unhandledPromptBehavior: dismiss and notify, webauthn:extension:credBlob: true, webauthn:extension:largeBlob: true, webauthn:extension:minPinLength: true, webauthn:extension:prf: true, webauthn:virtualAuthenticators: true}
Element: [[ChromeDriver: chrome on windows (947b5f1b576fd18ddea7ece8078e2723)] -> xpath: //input[@id='department']]
Session ID: 947b5f1b576fd18ddea7ece8078e2723
	at org.openqa.selenium.remote.codec.w3c.W3CHttpResponseCodec.createException(W3CHttpResponseCodec.java:200)
	at org.openqa.selenium.remote.codec.w3c.W3CHttpResponseCodec.decode(W3CHttpResponseCodec.java:133)
	at org.openqa.selenium.remote.codec.w3c.W3CHttpResponseCodec.decode(W3CHttpResponseCodec.java:52)
	at org.openqa.selenium.remote.HttpCommandExecutor.execute(HttpCommandExecutor.java:191)
	at org.openqa.selenium.remote.service.DriverCommandExecutor.invokeExecute(DriverCommandExecutor.java:196)
	at org.openqa.selenium.remote.service.DriverCommandExecutor.execute(DriverCommandExecutor.java:171)
	at org.openqa.selenium.remote.RemoteWebDriver.execute(RemoteWebDriver.java:518)
	at org.openqa.selenium.remote.RemoteWebElement.execute(RemoteWebElement.java:224)
	at org.openqa.selenium.remote.RemoteWebElement.click(RemoteWebElement.java:77)
	at com.apcfss.pages.BasePage.click(BasePage.java:23)
	at com.apcfss.pdchallan.pages.TreasuryInfoPage.clickOnDepartmentTextBox(TreasuryInfoPage.java:31)
	at com.apcfss.tests.PDChallanTest.EnterRequiredDataAndClickOnProceed(PDChallanTest.java:109)
	at java.base/java.util.concurrent.ThreadPoolExecutor.runWorker(ThreadPoolExecutor.java:1136)
	at java.base/java.util.concurrent.ThreadPoolExecutor$Worker.run(ThreadPoolExecutor.java:635)
	at java.base/java.lang.Thread.run(Thread.java:833)
... Removed 15 stack frames]]>
    </failure>
  </testcase> <!-- EnterRequiredDataAndClickOnProceed -->
  <testcase classname="com.apcfss.tests.PDChallanTest" name="EnterDataAndClickProceedClickPreviousWithManualMode" time="11.431">
    <failure type="org.openqa.selenium.ElementClickInterceptedException" message="element click intercepted: Element &amp;lt;input name=&amp;quot;departmentLabel&amp;quot; id=&amp;quot;department&amp;quot; class=&amp;quot;form-control input-sm mandatoryField&amp;quot; placeholder=&amp;quot;Department&amp;quot; type=&amp;quot;text&amp;quot; autocomplete=&amp;quot;off&amp;quot; value=&amp;quot;&amp;quot;&amp;gt; is not clickable at point (459, 330). Other element would receive the click: &amp;lt;div class=&amp;quot;swal2-container swal2-center swal2-backdrop-show&amp;quot; style=&amp;quot;overflow-y: auto;&amp;quot;&amp;gt;...&amp;lt;/div&amp;gt;
  (Session info: chrome=127.0.6533.120)
Build info: version: &amp;apos;4.11.0&amp;apos;, revision: &amp;apos;040bc5406b&amp;apos;
System info: os.name: &amp;apos;Windows 11&amp;apos;, os.arch: &amp;apos;amd64&amp;apos;, os.version: &amp;apos;10.0&amp;apos;, java.version: &amp;apos;17.0.4.1&amp;apos;
Driver info: org.openqa.selenium.chrome.ChromeDriver
Command: [7bc52370955b45f342abcfeafd82b62d, clickElement {id=f.B2992C21A726266135B40E651C375865.d.2107AB643DE791BA3BC53080DC61F498.e.6}]
Capabilities {acceptInsecureCerts: false, browserName: chrome, browserVersion: 127.0.6533.120, chrome: {chromedriverVersion: 127.0.6533.119 (bdef6783a05..., userDataDir: C:\Users\tpkta\AppData\Loca...}, fedcm:accounts: true, goog:chromeOptions: {debuggerAddress: localhost:50774}, networkConnectionEnabled: false, pageLoadStrategy: normal, platformName: windows, proxy: Proxy(), se:cdp: ws://localhost:50774/devtoo..., se:cdpVersion: 127.0.6533.120, setWindowRect: true, strictFileInteractability: false, timeouts: {implicit: 0, pageLoad: 300000, script: 30000}, unhandledPromptBehavior: dismiss and notify, webauthn:extension:credBlob: true, webauthn:extension:largeBlob: true, webauthn:extension:minPinLength: true, webauthn:extension:prf: true, webauthn:virtualAuthenticators: true}
Element: [[ChromeDriver: chrome on windows (7bc52370955b45f342abcfeafd82b62d)] -&amp;gt; xpath: //input[@id=&amp;apos;department&amp;apos;]]
Session ID: 7bc52370955b45f342abcfeafd82b62d">
      <![CDATA[org.openqa.selenium.ElementClickInterceptedException: element click intercepted: Element <input name="departmentLabel" id="department" class="form-control input-sm mandatoryField" placeholder="Department" type="text" autocomplete="off" value=""> is not clickable at point (459, 330). Other element would receive the click: <div class="swal2-container swal2-center swal2-backdrop-show" style="overflow-y: auto;">...</div>
  (Session info: chrome=127.0.6533.120)
Build info: version: '4.11.0', revision: '040bc5406b'
System info: os.name: 'Windows 11', os.arch: 'amd64', os.version: '10.0', java.version: '17.0.4.1'
Driver info: org.openqa.selenium.chrome.ChromeDriver
Command: [7bc52370955b45f342abcfeafd82b62d, clickElement {id=f.B2992C21A726266135B40E651C375865.d.2107AB643DE791BA3BC53080DC61F498.e.6}]
Capabilities {acceptInsecureCerts: false, browserName: chrome, browserVersion: 127.0.6533.120, chrome: {chromedriverVersion: 127.0.6533.119 (bdef6783a05..., userDataDir: C:\Users\tpkta\AppData\Loca...}, fedcm:accounts: true, goog:chromeOptions: {debuggerAddress: localhost:50774}, networkConnectionEnabled: false, pageLoadStrategy: normal, platformName: windows, proxy: Proxy(), se:cdp: ws://localhost:50774/devtoo..., se:cdpVersion: 127.0.6533.120, setWindowRect: true, strictFileInteractability: false, timeouts: {implicit: 0, pageLoad: 300000, script: 30000}, unhandledPromptBehavior: dismiss and notify, webauthn:extension:credBlob: true, webauthn:extension:largeBlob: true, webauthn:extension:minPinLength: true, webauthn:extension:prf: true, webauthn:virtualAuthenticators: true}
Element: [[ChromeDriver: chrome on windows (7bc52370955b45f342abcfeafd82b62d)] -> xpath: //input[@id='department']]
Session ID: 7bc52370955b45f342abcfeafd82b62d
	at org.openqa.selenium.remote.codec.w3c.W3CHttpResponseCodec.createException(W3CHttpResponseCodec.java:200)
	at org.openqa.selenium.remote.codec.w3c.W3CHttpResponseCodec.decode(W3CHttpResponseCodec.java:133)
	at org.openqa.selenium.remote.codec.w3c.W3CHttpResponseCodec.decode(W3CHttpResponseCodec.java:52)
	at org.openqa.selenium.remote.HttpCommandExecutor.execute(HttpCommandExecutor.java:191)
	at org.openqa.selenium.remote.service.DriverCommandExecutor.invokeExecute(DriverCommandExecutor.java:196)
	at org.openqa.selenium.remote.service.DriverCommandExecutor.execute(DriverCommandExecutor.java:171)
	at org.openqa.selenium.remote.RemoteWebDriver.execute(RemoteWebDriver.java:518)
	at org.openqa.selenium.remote.RemoteWebElement.execute(RemoteWebElement.java:224)
	at org.openqa.selenium.remote.RemoteWebElement.click(RemoteWebElement.java:77)
	at com.apcfss.pages.BasePage.click(BasePage.java:23)
	at com.apcfss.pdchallan.pages.TreasuryInfoPage.clickOnDepartmentTextBox(TreasuryInfoPage.java:31)
	at com.apcfss.tests.PDChallanTest.EnterDataAndClickProceedClickPreviousWithManualMode(PDChallanTest.java:121)
	at java.base/java.util.concurrent.ThreadPoolExecutor.runWorker(ThreadPoolExecutor.java:1136)
	at java.base/java.util.concurrent.ThreadPoolExecutor$Worker.run(ThreadPoolExecutor.java:635)
	at java.base/java.lang.Thread.run(Thread.java:833)
... Removed 15 stack frames]]>
    </failure>
  </testcase> <!-- EnterDataAndClickProceedClickPreviousWithManualMode -->
  <testcase classname="com.apcfss.tests.PDChallanTest" name="EnterDataAndClickProceedClickPreviousWithRtgs" time="2.611">
    <failure type="org.openqa.selenium.ElementClickInterceptedException" message="element click intercepted: Element &amp;lt;input name=&amp;quot;departmentLabel&amp;quot; id=&amp;quot;department&amp;quot; class=&amp;quot;form-control input-sm mandatoryField&amp;quot; placeholder=&amp;quot;Department&amp;quot; type=&amp;quot;text&amp;quot; autocomplete=&amp;quot;off&amp;quot; value=&amp;quot;&amp;quot;&amp;gt; is not clickable at point (459, 330). Other element would receive the click: &amp;lt;div class=&amp;quot;swal2-container swal2-center swal2-backdrop-show&amp;quot; style=&amp;quot;overflow-y: auto;&amp;quot;&amp;gt;...&amp;lt;/div&amp;gt;
  (Session info: chrome=127.0.6533.120)
Build info: version: &amp;apos;4.11.0&amp;apos;, revision: &amp;apos;040bc5406b&amp;apos;
System info: os.name: &amp;apos;Windows 11&amp;apos;, os.arch: &amp;apos;amd64&amp;apos;, os.version: &amp;apos;10.0&amp;apos;, java.version: &amp;apos;17.0.4.1&amp;apos;
Driver info: org.openqa.selenium.chrome.ChromeDriver
Command: [03a05fc0177ca72ce347852a8555209e, clickElement {id=f.178C2D198C39BAE50BBDBB2CC26661D6.d.CAB335810DB12B8C728B57BA212B51AE.e.4}]
Capabilities {acceptInsecureCerts: false, browserName: chrome, browserVersion: 127.0.6533.120, chrome: {chromedriverVersion: 127.0.6533.119 (bdef6783a05..., userDataDir: C:\Users\tpkta\AppData\Loca...}, fedcm:accounts: true, goog:chromeOptions: {debuggerAddress: localhost:50807}, networkConnectionEnabled: false, pageLoadStrategy: normal, platformName: windows, proxy: Proxy(), se:cdp: ws://localhost:50807/devtoo..., se:cdpVersion: 127.0.6533.120, setWindowRect: true, strictFileInteractability: false, timeouts: {implicit: 0, pageLoad: 300000, script: 30000}, unhandledPromptBehavior: dismiss and notify, webauthn:extension:credBlob: true, webauthn:extension:largeBlob: true, webauthn:extension:minPinLength: true, webauthn:extension:prf: true, webauthn:virtualAuthenticators: true}
Element: [[ChromeDriver: chrome on windows (03a05fc0177ca72ce347852a8555209e)] -&amp;gt; xpath: //input[@id=&amp;apos;department&amp;apos;]]
Session ID: 03a05fc0177ca72ce347852a8555209e">
      <![CDATA[org.openqa.selenium.ElementClickInterceptedException: element click intercepted: Element <input name="departmentLabel" id="department" class="form-control input-sm mandatoryField" placeholder="Department" type="text" autocomplete="off" value=""> is not clickable at point (459, 330). Other element would receive the click: <div class="swal2-container swal2-center swal2-backdrop-show" style="overflow-y: auto;">...</div>
  (Session info: chrome=127.0.6533.120)
Build info: version: '4.11.0', revision: '040bc5406b'
System info: os.name: 'Windows 11', os.arch: 'amd64', os.version: '10.0', java.version: '17.0.4.1'
Driver info: org.openqa.selenium.chrome.ChromeDriver
Command: [03a05fc0177ca72ce347852a8555209e, clickElement {id=f.178C2D198C39BAE50BBDBB2CC26661D6.d.CAB335810DB12B8C728B57BA212B51AE.e.4}]
Capabilities {acceptInsecureCerts: false, browserName: chrome, browserVersion: 127.0.6533.120, chrome: {chromedriverVersion: 127.0.6533.119 (bdef6783a05..., userDataDir: C:\Users\tpkta\AppData\Loca...}, fedcm:accounts: true, goog:chromeOptions: {debuggerAddress: localhost:50807}, networkConnectionEnabled: false, pageLoadStrategy: normal, platformName: windows, proxy: Proxy(), se:cdp: ws://localhost:50807/devtoo..., se:cdpVersion: 127.0.6533.120, setWindowRect: true, strictFileInteractability: false, timeouts: {implicit: 0, pageLoad: 300000, script: 30000}, unhandledPromptBehavior: dismiss and notify, webauthn:extension:credBlob: true, webauthn:extension:largeBlob: true, webauthn:extension:minPinLength: true, webauthn:extension:prf: true, webauthn:virtualAuthenticators: true}
Element: [[ChromeDriver: chrome on windows (03a05fc0177ca72ce347852a8555209e)] -> xpath: //input[@id='department']]
Session ID: 03a05fc0177ca72ce347852a8555209e
	at org.openqa.selenium.remote.codec.w3c.W3CHttpResponseCodec.createException(W3CHttpResponseCodec.java:200)
	at org.openqa.selenium.remote.codec.w3c.W3CHttpResponseCodec.decode(W3CHttpResponseCodec.java:133)
	at org.openqa.selenium.remote.codec.w3c.W3CHttpResponseCodec.decode(W3CHttpResponseCodec.java:52)
	at org.openqa.selenium.remote.HttpCommandExecutor.execute(HttpCommandExecutor.java:191)
	at org.openqa.selenium.remote.service.DriverCommandExecutor.invokeExecute(DriverCommandExecutor.java:196)
	at org.openqa.selenium.remote.service.DriverCommandExecutor.execute(DriverCommandExecutor.java:171)
	at org.openqa.selenium.remote.RemoteWebDriver.execute(RemoteWebDriver.java:518)
	at org.openqa.selenium.remote.RemoteWebElement.execute(RemoteWebElement.java:224)
	at org.openqa.selenium.remote.RemoteWebElement.click(RemoteWebElement.java:77)
	at com.apcfss.pages.BasePage.click(BasePage.java:23)
	at com.apcfss.pdchallan.pages.TreasuryInfoPage.clickOnDepartmentTextBox(TreasuryInfoPage.java:31)
	at com.apcfss.tests.PDChallanTest.EnterDataAndClickProceedClickPreviousWithRtgs(PDChallanTest.java:134)
	at java.base/java.util.concurrent.ThreadPoolExecutor.runWorker(ThreadPoolExecutor.java:1136)
	at java.base/java.util.concurrent.ThreadPoolExecutor$Worker.run(ThreadPoolExecutor.java:635)
	at java.base/java.lang.Thread.run(Thread.java:833)
... Removed 15 stack frames]]>
    </failure>
  </testcase> <!-- EnterDataAndClickProceedClickPreviousWithRtgs -->
  <testcase classname="com.apcfss.tests.PDChallanTest" name="EnterDataAndClickProceedClickPreviousWithEpay" time="11.288">
    <failure type="org.openqa.selenium.ElementClickInterceptedException" message="element click intercepted: Element &amp;lt;input name=&amp;quot;departmentLabel&amp;quot; id=&amp;quot;department&amp;quot; class=&amp;quot;form-control input-sm mandatoryField&amp;quot; placeholder=&amp;quot;Department&amp;quot; type=&amp;quot;text&amp;quot; autocomplete=&amp;quot;off&amp;quot; value=&amp;quot;&amp;quot;&amp;gt; is not clickable at point (459, 330). Other element would receive the click: &amp;lt;div class=&amp;quot;swal2-container swal2-center swal2-backdrop-show&amp;quot; style=&amp;quot;overflow-y: auto;&amp;quot;&amp;gt;...&amp;lt;/div&amp;gt;
  (Session info: chrome=127.0.6533.120)
Build info: version: &amp;apos;4.11.0&amp;apos;, revision: &amp;apos;040bc5406b&amp;apos;
System info: os.name: &amp;apos;Windows 11&amp;apos;, os.arch: &amp;apos;amd64&amp;apos;, os.version: &amp;apos;10.0&amp;apos;, java.version: &amp;apos;17.0.4.1&amp;apos;
Driver info: org.openqa.selenium.chrome.ChromeDriver
Command: [0cc8542bb45236d0cbad29180df79359, clickElement {id=f.76CBE782BA3CF5BF497429C968262D11.d.A3525BD2931D8082A59E4F66C866314A.e.2}]
Capabilities {acceptInsecureCerts: false, browserName: chrome, browserVersion: 127.0.6533.120, chrome: {chromedriverVersion: 127.0.6533.119 (bdef6783a05..., userDataDir: C:\Users\tpkta\AppData\Loca...}, fedcm:accounts: true, goog:chromeOptions: {debuggerAddress: localhost:50834}, networkConnectionEnabled: false, pageLoadStrategy: normal, platformName: windows, proxy: Proxy(), se:cdp: ws://localhost:50834/devtoo..., se:cdpVersion: 127.0.6533.120, setWindowRect: true, strictFileInteractability: false, timeouts: {implicit: 0, pageLoad: 300000, script: 30000}, unhandledPromptBehavior: dismiss and notify, webauthn:extension:credBlob: true, webauthn:extension:largeBlob: true, webauthn:extension:minPinLength: true, webauthn:extension:prf: true, webauthn:virtualAuthenticators: true}
Element: [[ChromeDriver: chrome on windows (0cc8542bb45236d0cbad29180df79359)] -&amp;gt; xpath: //input[@id=&amp;apos;department&amp;apos;]]
Session ID: 0cc8542bb45236d0cbad29180df79359">
      <![CDATA[org.openqa.selenium.ElementClickInterceptedException: element click intercepted: Element <input name="departmentLabel" id="department" class="form-control input-sm mandatoryField" placeholder="Department" type="text" autocomplete="off" value=""> is not clickable at point (459, 330). Other element would receive the click: <div class="swal2-container swal2-center swal2-backdrop-show" style="overflow-y: auto;">...</div>
  (Session info: chrome=127.0.6533.120)
Build info: version: '4.11.0', revision: '040bc5406b'
System info: os.name: 'Windows 11', os.arch: 'amd64', os.version: '10.0', java.version: '17.0.4.1'
Driver info: org.openqa.selenium.chrome.ChromeDriver
Command: [0cc8542bb45236d0cbad29180df79359, clickElement {id=f.76CBE782BA3CF5BF497429C968262D11.d.A3525BD2931D8082A59E4F66C866314A.e.2}]
Capabilities {acceptInsecureCerts: false, browserName: chrome, browserVersion: 127.0.6533.120, chrome: {chromedriverVersion: 127.0.6533.119 (bdef6783a05..., userDataDir: C:\Users\tpkta\AppData\Loca...}, fedcm:accounts: true, goog:chromeOptions: {debuggerAddress: localhost:50834}, networkConnectionEnabled: false, pageLoadStrategy: normal, platformName: windows, proxy: Proxy(), se:cdp: ws://localhost:50834/devtoo..., se:cdpVersion: 127.0.6533.120, setWindowRect: true, strictFileInteractability: false, timeouts: {implicit: 0, pageLoad: 300000, script: 30000}, unhandledPromptBehavior: dismiss and notify, webauthn:extension:credBlob: true, webauthn:extension:largeBlob: true, webauthn:extension:minPinLength: true, webauthn:extension:prf: true, webauthn:virtualAuthenticators: true}
Element: [[ChromeDriver: chrome on windows (0cc8542bb45236d0cbad29180df79359)] -> xpath: //input[@id='department']]
Session ID: 0cc8542bb45236d0cbad29180df79359
	at org.openqa.selenium.remote.codec.w3c.W3CHttpResponseCodec.createException(W3CHttpResponseCodec.java:200)
	at org.openqa.selenium.remote.codec.w3c.W3CHttpResponseCodec.decode(W3CHttpResponseCodec.java:133)
	at org.openqa.selenium.remote.codec.w3c.W3CHttpResponseCodec.decode(W3CHttpResponseCodec.java:52)
	at org.openqa.selenium.remote.HttpCommandExecutor.execute(HttpCommandExecutor.java:191)
	at org.openqa.selenium.remote.service.DriverCommandExecutor.invokeExecute(DriverCommandExecutor.java:196)
	at org.openqa.selenium.remote.service.DriverCommandExecutor.execute(DriverCommandExecutor.java:171)
	at org.openqa.selenium.remote.RemoteWebDriver.execute(RemoteWebDriver.java:518)
	at org.openqa.selenium.remote.RemoteWebElement.execute(RemoteWebElement.java:224)
	at org.openqa.selenium.remote.RemoteWebElement.click(RemoteWebElement.java:77)
	at com.apcfss.pages.BasePage.click(BasePage.java:23)
	at com.apcfss.pdchallan.pages.TreasuryInfoPage.clickOnDepartmentTextBox(TreasuryInfoPage.java:31)
	at com.apcfss.tests.PDChallanTest.EnterDataAndClickProceedClickPreviousWithEpay(PDChallanTest.java:147)
	at java.base/java.util.concurrent.ThreadPoolExecutor.runWorker(ThreadPoolExecutor.java:1136)
	at java.base/java.util.concurrent.ThreadPoolExecutor$Worker.run(ThreadPoolExecutor.java:635)
	at java.base/java.lang.Thread.run(Thread.java:833)
... Removed 15 stack frames]]>
    </failure>
  </testcase> <!-- EnterDataAndClickProceedClickPreviousWithEpay -->
  <testcase classname="com.apcfss.tests.PDChallanTest" name="EnterDataAndClickProceedClickSubmitWithManualMode" time="11.583">
    <failure type="org.openqa.selenium.ElementClickInterceptedException" message="element click intercepted: Element &amp;lt;input name=&amp;quot;departmentLabel&amp;quot; id=&amp;quot;department&amp;quot; class=&amp;quot;form-control input-sm mandatoryField&amp;quot; placeholder=&amp;quot;Department&amp;quot; type=&amp;quot;text&amp;quot; autocomplete=&amp;quot;off&amp;quot; value=&amp;quot;&amp;quot;&amp;gt; is not clickable at point (459, 330). Other element would receive the click: &amp;lt;div class=&amp;quot;swal2-container swal2-center swal2-backdrop-show&amp;quot; style=&amp;quot;overflow-y: auto;&amp;quot;&amp;gt;...&amp;lt;/div&amp;gt;
  (Session info: chrome=127.0.6533.120)
Build info: version: &amp;apos;4.11.0&amp;apos;, revision: &amp;apos;040bc5406b&amp;apos;
System info: os.name: &amp;apos;Windows 11&amp;apos;, os.arch: &amp;apos;amd64&amp;apos;, os.version: &amp;apos;10.0&amp;apos;, java.version: &amp;apos;17.0.4.1&amp;apos;
Driver info: org.openqa.selenium.chrome.ChromeDriver
Command: [e5b4c14b9539307920587d143b1d038d, clickElement {id=f.3F57101A469D2BDD04082ED58B6BD2B6.d.FEF49D63B32FF8839240541A86EBF1DE.e.4}]
Capabilities {acceptInsecureCerts: false, browserName: chrome, browserVersion: 127.0.6533.120, chrome: {chromedriverVersion: 127.0.6533.119 (bdef6783a05..., userDataDir: C:\Users\tpkta\AppData\Loca...}, fedcm:accounts: true, goog:chromeOptions: {debuggerAddress: localhost:50865}, networkConnectionEnabled: false, pageLoadStrategy: normal, platformName: windows, proxy: Proxy(), se:cdp: ws://localhost:50865/devtoo..., se:cdpVersion: 127.0.6533.120, setWindowRect: true, strictFileInteractability: false, timeouts: {implicit: 0, pageLoad: 300000, script: 30000}, unhandledPromptBehavior: dismiss and notify, webauthn:extension:credBlob: true, webauthn:extension:largeBlob: true, webauthn:extension:minPinLength: true, webauthn:extension:prf: true, webauthn:virtualAuthenticators: true}
Element: [[ChromeDriver: chrome on windows (e5b4c14b9539307920587d143b1d038d)] -&amp;gt; xpath: //input[@id=&amp;apos;department&amp;apos;]]
Session ID: e5b4c14b9539307920587d143b1d038d">
      <![CDATA[org.openqa.selenium.ElementClickInterceptedException: element click intercepted: Element <input name="departmentLabel" id="department" class="form-control input-sm mandatoryField" placeholder="Department" type="text" autocomplete="off" value=""> is not clickable at point (459, 330). Other element would receive the click: <div class="swal2-container swal2-center swal2-backdrop-show" style="overflow-y: auto;">...</div>
  (Session info: chrome=127.0.6533.120)
Build info: version: '4.11.0', revision: '040bc5406b'
System info: os.name: 'Windows 11', os.arch: 'amd64', os.version: '10.0', java.version: '17.0.4.1'
Driver info: org.openqa.selenium.chrome.ChromeDriver
Command: [e5b4c14b9539307920587d143b1d038d, clickElement {id=f.3F57101A469D2BDD04082ED58B6BD2B6.d.FEF49D63B32FF8839240541A86EBF1DE.e.4}]
Capabilities {acceptInsecureCerts: false, browserName: chrome, browserVersion: 127.0.6533.120, chrome: {chromedriverVersion: 127.0.6533.119 (bdef6783a05..., userDataDir: C:\Users\tpkta\AppData\Loca...}, fedcm:accounts: true, goog:chromeOptions: {debuggerAddress: localhost:50865}, networkConnectionEnabled: false, pageLoadStrategy: normal, platformName: windows, proxy: Proxy(), se:cdp: ws://localhost:50865/devtoo..., se:cdpVersion: 127.0.6533.120, setWindowRect: true, strictFileInteractability: false, timeouts: {implicit: 0, pageLoad: 300000, script: 30000}, unhandledPromptBehavior: dismiss and notify, webauthn:extension:credBlob: true, webauthn:extension:largeBlob: true, webauthn:extension:minPinLength: true, webauthn:extension:prf: true, webauthn:virtualAuthenticators: true}
Element: [[ChromeDriver: chrome on windows (e5b4c14b9539307920587d143b1d038d)] -> xpath: //input[@id='department']]
Session ID: e5b4c14b9539307920587d143b1d038d
	at org.openqa.selenium.remote.codec.w3c.W3CHttpResponseCodec.createException(W3CHttpResponseCodec.java:200)
	at org.openqa.selenium.remote.codec.w3c.W3CHttpResponseCodec.decode(W3CHttpResponseCodec.java:133)
	at org.openqa.selenium.remote.codec.w3c.W3CHttpResponseCodec.decode(W3CHttpResponseCodec.java:52)
	at org.openqa.selenium.remote.HttpCommandExecutor.execute(HttpCommandExecutor.java:191)
	at org.openqa.selenium.remote.service.DriverCommandExecutor.invokeExecute(DriverCommandExecutor.java:196)
	at org.openqa.selenium.remote.service.DriverCommandExecutor.execute(DriverCommandExecutor.java:171)
	at org.openqa.selenium.remote.RemoteWebDriver.execute(RemoteWebDriver.java:518)
	at org.openqa.selenium.remote.RemoteWebElement.execute(RemoteWebElement.java:224)
	at org.openqa.selenium.remote.RemoteWebElement.click(RemoteWebElement.java:77)
	at com.apcfss.pages.BasePage.click(BasePage.java:23)
	at com.apcfss.pdchallan.pages.TreasuryInfoPage.clickOnDepartmentTextBox(TreasuryInfoPage.java:31)
	at com.apcfss.tests.PDChallanTest.EnterDataAndClickProceedClickSubmitWithManualMode(PDChallanTest.java:160)
	at java.base/java.util.concurrent.ThreadPoolExecutor.runWorker(ThreadPoolExecutor.java:1136)
	at java.base/java.util.concurrent.ThreadPoolExecutor$Worker.run(ThreadPoolExecutor.java:635)
	at java.base/java.lang.Thread.run(Thread.java:833)
... Removed 15 stack frames]]>
    </failure>
  </testcase> <!-- EnterDataAndClickProceedClickSubmitWithManualMode -->
  <testcase classname="com.apcfss.tests.PDChallanTest" name="EnterDataAndClickProceedClickSubmitWithRtgs" time="11.331">
    <failure type="org.openqa.selenium.ElementClickInterceptedException" message="element click intercepted: Element &amp;lt;input name=&amp;quot;departmentLabel&amp;quot; id=&amp;quot;department&amp;quot; class=&amp;quot;form-control input-sm mandatoryField&amp;quot; placeholder=&amp;quot;Department&amp;quot; type=&amp;quot;text&amp;quot; autocomplete=&amp;quot;off&amp;quot; value=&amp;quot;&amp;quot;&amp;gt; is not clickable at point (459, 330). Other element would receive the click: &amp;lt;div class=&amp;quot;swal2-container swal2-center swal2-backdrop-show&amp;quot; style=&amp;quot;overflow-y: auto;&amp;quot;&amp;gt;...&amp;lt;/div&amp;gt;
  (Session info: chrome=127.0.6533.120)
Build info: version: &amp;apos;4.11.0&amp;apos;, revision: &amp;apos;040bc5406b&amp;apos;
System info: os.name: &amp;apos;Windows 11&amp;apos;, os.arch: &amp;apos;amd64&amp;apos;, os.version: &amp;apos;10.0&amp;apos;, java.version: &amp;apos;17.0.4.1&amp;apos;
Driver info: org.openqa.selenium.chrome.ChromeDriver
Command: [86338ff1c6e1a09099f094fb5bc87e2c, clickElement {id=f.88A9B3D5143D6F6F9B6B0BF68C5C29FE.d.FE1B4B8030EEA8D1B76828D7E0D37FF0.e.6}]
Capabilities {acceptInsecureCerts: false, browserName: chrome, browserVersion: 127.0.6533.120, chrome: {chromedriverVersion: 127.0.6533.119 (bdef6783a05..., userDataDir: C:\Users\tpkta\AppData\Loca...}, fedcm:accounts: true, goog:chromeOptions: {debuggerAddress: localhost:50895}, networkConnectionEnabled: false, pageLoadStrategy: normal, platformName: windows, proxy: Proxy(), se:cdp: ws://localhost:50895/devtoo..., se:cdpVersion: 127.0.6533.120, setWindowRect: true, strictFileInteractability: false, timeouts: {implicit: 0, pageLoad: 300000, script: 30000}, unhandledPromptBehavior: dismiss and notify, webauthn:extension:credBlob: true, webauthn:extension:largeBlob: true, webauthn:extension:minPinLength: true, webauthn:extension:prf: true, webauthn:virtualAuthenticators: true}
Element: [[ChromeDriver: chrome on windows (86338ff1c6e1a09099f094fb5bc87e2c)] -&amp;gt; xpath: //input[@id=&amp;apos;department&amp;apos;]]
Session ID: 86338ff1c6e1a09099f094fb5bc87e2c">
      <![CDATA[org.openqa.selenium.ElementClickInterceptedException: element click intercepted: Element <input name="departmentLabel" id="department" class="form-control input-sm mandatoryField" placeholder="Department" type="text" autocomplete="off" value=""> is not clickable at point (459, 330). Other element would receive the click: <div class="swal2-container swal2-center swal2-backdrop-show" style="overflow-y: auto;">...</div>
  (Session info: chrome=127.0.6533.120)
Build info: version: '4.11.0', revision: '040bc5406b'
System info: os.name: 'Windows 11', os.arch: 'amd64', os.version: '10.0', java.version: '17.0.4.1'
Driver info: org.openqa.selenium.chrome.ChromeDriver
Command: [86338ff1c6e1a09099f094fb5bc87e2c, clickElement {id=f.88A9B3D5143D6F6F9B6B0BF68C5C29FE.d.FE1B4B8030EEA8D1B76828D7E0D37FF0.e.6}]
Capabilities {acceptInsecureCerts: false, browserName: chrome, browserVersion: 127.0.6533.120, chrome: {chromedriverVersion: 127.0.6533.119 (bdef6783a05..., userDataDir: C:\Users\tpkta\AppData\Loca...}, fedcm:accounts: true, goog:chromeOptions: {debuggerAddress: localhost:50895}, networkConnectionEnabled: false, pageLoadStrategy: normal, platformName: windows, proxy: Proxy(), se:cdp: ws://localhost:50895/devtoo..., se:cdpVersion: 127.0.6533.120, setWindowRect: true, strictFileInteractability: false, timeouts: {implicit: 0, pageLoad: 300000, script: 30000}, unhandledPromptBehavior: dismiss and notify, webauthn:extension:credBlob: true, webauthn:extension:largeBlob: true, webauthn:extension:minPinLength: true, webauthn:extension:prf: true, webauthn:virtualAuthenticators: true}
Element: [[ChromeDriver: chrome on windows (86338ff1c6e1a09099f094fb5bc87e2c)] -> xpath: //input[@id='department']]
Session ID: 86338ff1c6e1a09099f094fb5bc87e2c
	at org.openqa.selenium.remote.codec.w3c.W3CHttpResponseCodec.createException(W3CHttpResponseCodec.java:200)
	at org.openqa.selenium.remote.codec.w3c.W3CHttpResponseCodec.decode(W3CHttpResponseCodec.java:133)
	at org.openqa.selenium.remote.codec.w3c.W3CHttpResponseCodec.decode(W3CHttpResponseCodec.java:52)
	at org.openqa.selenium.remote.HttpCommandExecutor.execute(HttpCommandExecutor.java:191)
	at org.openqa.selenium.remote.service.DriverCommandExecutor.invokeExecute(DriverCommandExecutor.java:196)
	at org.openqa.selenium.remote.service.DriverCommandExecutor.execute(DriverCommandExecutor.java:171)
	at org.openqa.selenium.remote.RemoteWebDriver.execute(RemoteWebDriver.java:518)
	at org.openqa.selenium.remote.RemoteWebElement.execute(RemoteWebElement.java:224)
	at org.openqa.selenium.remote.RemoteWebElement.click(RemoteWebElement.java:77)
	at com.apcfss.pages.BasePage.click(BasePage.java:23)
	at com.apcfss.pdchallan.pages.TreasuryInfoPage.clickOnDepartmentTextBox(TreasuryInfoPage.java:31)
	at com.apcfss.tests.PDChallanTest.EnterDataAndClickProceedClickSubmitWithRtgs(PDChallanTest.java:171)
	at java.base/java.util.concurrent.ThreadPoolExecutor.runWorker(ThreadPoolExecutor.java:1136)
	at java.base/java.util.concurrent.ThreadPoolExecutor$Worker.run(ThreadPoolExecutor.java:635)
	at java.base/java.lang.Thread.run(Thread.java:833)
... Removed 15 stack frames]]>
    </failure>
  </testcase> <!-- EnterDataAndClickProceedClickSubmitWithRtgs -->
  <testcase classname="com.apcfss.tests.PDChallanTest" name="EnterDataAndClickProceedClickSubmitWithEpay" time="11.471">
    <failure type="org.openqa.selenium.ElementClickInterceptedException" message="element click intercepted: Element &amp;lt;input name=&amp;quot;departmentLabel&amp;quot; id=&amp;quot;department&amp;quot; class=&amp;quot;form-control input-sm mandatoryField&amp;quot; placeholder=&amp;quot;Department&amp;quot; type=&amp;quot;text&amp;quot; autocomplete=&amp;quot;off&amp;quot; value=&amp;quot;&amp;quot;&amp;gt; is not clickable at point (459, 330). Other element would receive the click: &amp;lt;div class=&amp;quot;swal2-container swal2-center swal2-backdrop-show&amp;quot; style=&amp;quot;overflow-y: auto;&amp;quot;&amp;gt;...&amp;lt;/div&amp;gt;
  (Session info: chrome=127.0.6533.120)
Build info: version: &amp;apos;4.11.0&amp;apos;, revision: &amp;apos;040bc5406b&amp;apos;
System info: os.name: &amp;apos;Windows 11&amp;apos;, os.arch: &amp;apos;amd64&amp;apos;, os.version: &amp;apos;10.0&amp;apos;, java.version: &amp;apos;17.0.4.1&amp;apos;
Driver info: org.openqa.selenium.chrome.ChromeDriver
Command: [477b51bbe4fa7c456c0d451f67cdf6d4, clickElement {id=f.B7667D00CB94DE8A839E0BE9C73904E3.d.B4C838BDF0498B745E5CCA36242F2724.e.6}]
Capabilities {acceptInsecureCerts: false, browserName: chrome, browserVersion: 127.0.6533.120, chrome: {chromedriverVersion: 127.0.6533.119 (bdef6783a05..., userDataDir: C:\Users\tpkta\AppData\Loca...}, fedcm:accounts: true, goog:chromeOptions: {debuggerAddress: localhost:50924}, networkConnectionEnabled: false, pageLoadStrategy: normal, platformName: windows, proxy: Proxy(), se:cdp: ws://localhost:50924/devtoo..., se:cdpVersion: 127.0.6533.120, setWindowRect: true, strictFileInteractability: false, timeouts: {implicit: 0, pageLoad: 300000, script: 30000}, unhandledPromptBehavior: dismiss and notify, webauthn:extension:credBlob: true, webauthn:extension:largeBlob: true, webauthn:extension:minPinLength: true, webauthn:extension:prf: true, webauthn:virtualAuthenticators: true}
Element: [[ChromeDriver: chrome on windows (477b51bbe4fa7c456c0d451f67cdf6d4)] -&amp;gt; xpath: //input[@id=&amp;apos;department&amp;apos;]]
Session ID: 477b51bbe4fa7c456c0d451f67cdf6d4">
      <![CDATA[org.openqa.selenium.ElementClickInterceptedException: element click intercepted: Element <input name="departmentLabel" id="department" class="form-control input-sm mandatoryField" placeholder="Department" type="text" autocomplete="off" value=""> is not clickable at point (459, 330). Other element would receive the click: <div class="swal2-container swal2-center swal2-backdrop-show" style="overflow-y: auto;">...</div>
  (Session info: chrome=127.0.6533.120)
Build info: version: '4.11.0', revision: '040bc5406b'
System info: os.name: 'Windows 11', os.arch: 'amd64', os.version: '10.0', java.version: '17.0.4.1'
Driver info: org.openqa.selenium.chrome.ChromeDriver
Command: [477b51bbe4fa7c456c0d451f67cdf6d4, clickElement {id=f.B7667D00CB94DE8A839E0BE9C73904E3.d.B4C838BDF0498B745E5CCA36242F2724.e.6}]
Capabilities {acceptInsecureCerts: false, browserName: chrome, browserVersion: 127.0.6533.120, chrome: {chromedriverVersion: 127.0.6533.119 (bdef6783a05..., userDataDir: C:\Users\tpkta\AppData\Loca...}, fedcm:accounts: true, goog:chromeOptions: {debuggerAddress: localhost:50924}, networkConnectionEnabled: false, pageLoadStrategy: normal, platformName: windows, proxy: Proxy(), se:cdp: ws://localhost:50924/devtoo..., se:cdpVersion: 127.0.6533.120, setWindowRect: true, strictFileInteractability: false, timeouts: {implicit: 0, pageLoad: 300000, script: 30000}, unhandledPromptBehavior: dismiss and notify, webauthn:extension:credBlob: true, webauthn:extension:largeBlob: true, webauthn:extension:minPinLength: true, webauthn:extension:prf: true, webauthn:virtualAuthenticators: true}
Element: [[ChromeDriver: chrome on windows (477b51bbe4fa7c456c0d451f67cdf6d4)] -> xpath: //input[@id='department']]
Session ID: 477b51bbe4fa7c456c0d451f67cdf6d4
	at org.openqa.selenium.remote.codec.w3c.W3CHttpResponseCodec.createException(W3CHttpResponseCodec.java:200)
	at org.openqa.selenium.remote.codec.w3c.W3CHttpResponseCodec.decode(W3CHttpResponseCodec.java:133)
	at org.openqa.selenium.remote.codec.w3c.W3CHttpResponseCodec.decode(W3CHttpResponseCodec.java:52)
	at org.openqa.selenium.remote.HttpCommandExecutor.execute(HttpCommandExecutor.java:191)
	at org.openqa.selenium.remote.service.DriverCommandExecutor.invokeExecute(DriverCommandExecutor.java:196)
	at org.openqa.selenium.remote.service.DriverCommandExecutor.execute(DriverCommandExecutor.java:171)
	at org.openqa.selenium.remote.RemoteWebDriver.execute(RemoteWebDriver.java:518)
	at org.openqa.selenium.remote.RemoteWebElement.execute(RemoteWebElement.java:224)
	at org.openqa.selenium.remote.RemoteWebElement.click(RemoteWebElement.java:77)
	at com.apcfss.pages.BasePage.click(BasePage.java:23)
	at com.apcfss.pdchallan.pages.TreasuryInfoPage.clickOnDepartmentTextBox(TreasuryInfoPage.java:31)
	at com.apcfss.tests.PDChallanTest.EnterDataAndClickProceedClickSubmitWithEpay(PDChallanTest.java:182)
	at java.base/java.util.concurrent.ThreadPoolExecutor.runWorker(ThreadPoolExecutor.java:1136)
	at java.base/java.util.concurrent.ThreadPoolExecutor$Worker.run(ThreadPoolExecutor.java:635)
	at java.base/java.lang.Thread.run(Thread.java:833)
... Removed 15 stack frames]]>
    </failure>
  </testcase> <!-- EnterDataAndClickProceedClickSubmitWithEpay -->
  <testcase classname="com.apcfss.tests.PDChallanTest" name="EnterDataAndClickProceedClickSubmitWithManualModeCheckAknowledgePage" time="11.334">
    <failure type="org.openqa.selenium.ElementClickInterceptedException" message="element click intercepted: Element &amp;lt;input name=&amp;quot;departmentLabel&amp;quot; id=&amp;quot;department&amp;quot; class=&amp;quot;form-control input-sm mandatoryField&amp;quot; placeholder=&amp;quot;Department&amp;quot; type=&amp;quot;text&amp;quot; autocomplete=&amp;quot;off&amp;quot; value=&amp;quot;&amp;quot;&amp;gt; is not clickable at point (459, 330). Other element would receive the click: &amp;lt;div class=&amp;quot;swal2-container swal2-center swal2-backdrop-show&amp;quot; style=&amp;quot;overflow-y: auto;&amp;quot;&amp;gt;...&amp;lt;/div&amp;gt;
  (Session info: chrome=127.0.6533.120)
Build info: version: &amp;apos;4.11.0&amp;apos;, revision: &amp;apos;040bc5406b&amp;apos;
System info: os.name: &amp;apos;Windows 11&amp;apos;, os.arch: &amp;apos;amd64&amp;apos;, os.version: &amp;apos;10.0&amp;apos;, java.version: &amp;apos;17.0.4.1&amp;apos;
Driver info: org.openqa.selenium.chrome.ChromeDriver
Command: [999f6240f01ce6e474cc3eb9fa287c41, clickElement {id=f.CD2D7F6C6F65C2864595D067A8360D6D.d.EAE5F89BF497F4EAB23A41152B1089DD.e.6}]
Capabilities {acceptInsecureCerts: false, browserName: chrome, browserVersion: 127.0.6533.120, chrome: {chromedriverVersion: 127.0.6533.119 (bdef6783a05..., userDataDir: C:\Users\tpkta\AppData\Loca...}, fedcm:accounts: true, goog:chromeOptions: {debuggerAddress: localhost:50953}, networkConnectionEnabled: false, pageLoadStrategy: normal, platformName: windows, proxy: Proxy(), se:cdp: ws://localhost:50953/devtoo..., se:cdpVersion: 127.0.6533.120, setWindowRect: true, strictFileInteractability: false, timeouts: {implicit: 0, pageLoad: 300000, script: 30000}, unhandledPromptBehavior: dismiss and notify, webauthn:extension:credBlob: true, webauthn:extension:largeBlob: true, webauthn:extension:minPinLength: true, webauthn:extension:prf: true, webauthn:virtualAuthenticators: true}
Element: [[ChromeDriver: chrome on windows (999f6240f01ce6e474cc3eb9fa287c41)] -&amp;gt; xpath: //input[@id=&amp;apos;department&amp;apos;]]
Session ID: 999f6240f01ce6e474cc3eb9fa287c41">
      <![CDATA[org.openqa.selenium.ElementClickInterceptedException: element click intercepted: Element <input name="departmentLabel" id="department" class="form-control input-sm mandatoryField" placeholder="Department" type="text" autocomplete="off" value=""> is not clickable at point (459, 330). Other element would receive the click: <div class="swal2-container swal2-center swal2-backdrop-show" style="overflow-y: auto;">...</div>
  (Session info: chrome=127.0.6533.120)
Build info: version: '4.11.0', revision: '040bc5406b'
System info: os.name: 'Windows 11', os.arch: 'amd64', os.version: '10.0', java.version: '17.0.4.1'
Driver info: org.openqa.selenium.chrome.ChromeDriver
Command: [999f6240f01ce6e474cc3eb9fa287c41, clickElement {id=f.CD2D7F6C6F65C2864595D067A8360D6D.d.EAE5F89BF497F4EAB23A41152B1089DD.e.6}]
Capabilities {acceptInsecureCerts: false, browserName: chrome, browserVersion: 127.0.6533.120, chrome: {chromedriverVersion: 127.0.6533.119 (bdef6783a05..., userDataDir: C:\Users\tpkta\AppData\Loca...}, fedcm:accounts: true, goog:chromeOptions: {debuggerAddress: localhost:50953}, networkConnectionEnabled: false, pageLoadStrategy: normal, platformName: windows, proxy: Proxy(), se:cdp: ws://localhost:50953/devtoo..., se:cdpVersion: 127.0.6533.120, setWindowRect: true, strictFileInteractability: false, timeouts: {implicit: 0, pageLoad: 300000, script: 30000}, unhandledPromptBehavior: dismiss and notify, webauthn:extension:credBlob: true, webauthn:extension:largeBlob: true, webauthn:extension:minPinLength: true, webauthn:extension:prf: true, webauthn:virtualAuthenticators: true}
Element: [[ChromeDriver: chrome on windows (999f6240f01ce6e474cc3eb9fa287c41)] -> xpath: //input[@id='department']]
Session ID: 999f6240f01ce6e474cc3eb9fa287c41
	at org.openqa.selenium.remote.codec.w3c.W3CHttpResponseCodec.createException(W3CHttpResponseCodec.java:200)
	at org.openqa.selenium.remote.codec.w3c.W3CHttpResponseCodec.decode(W3CHttpResponseCodec.java:133)
	at org.openqa.selenium.remote.codec.w3c.W3CHttpResponseCodec.decode(W3CHttpResponseCodec.java:52)
	at org.openqa.selenium.remote.HttpCommandExecutor.execute(HttpCommandExecutor.java:191)
	at org.openqa.selenium.remote.service.DriverCommandExecutor.invokeExecute(DriverCommandExecutor.java:196)
	at org.openqa.selenium.remote.service.DriverCommandExecutor.execute(DriverCommandExecutor.java:171)
	at org.openqa.selenium.remote.RemoteWebDriver.execute(RemoteWebDriver.java:518)
	at org.openqa.selenium.remote.RemoteWebElement.execute(RemoteWebElement.java:224)
	at org.openqa.selenium.remote.RemoteWebElement.click(RemoteWebElement.java:77)
	at com.apcfss.pages.BasePage.click(BasePage.java:23)
	at com.apcfss.pdchallan.pages.TreasuryInfoPage.clickOnDepartmentTextBox(TreasuryInfoPage.java:31)
	at com.apcfss.tests.PDChallanTest.EnterDataAndClickProceedClickSubmitWithManualModeCheckAknowledgePage(PDChallanTest.java:195)
	at java.base/java.util.concurrent.ThreadPoolExecutor.runWorker(ThreadPoolExecutor.java:1136)
	at java.base/java.util.concurrent.ThreadPoolExecutor$Worker.run(ThreadPoolExecutor.java:635)
	at java.base/java.lang.Thread.run(Thread.java:833)
... Removed 15 stack frames]]>
    </failure>
  </testcase> <!-- EnterDataAndClickProceedClickSubmitWithManualModeCheckAknowledgePage -->
  <testcase classname="com.apcfss.tests.PDChallanTest" name="EnterDataAndClickProceedClickSubmitWithManualModeCheckAknowledgePageDetails" time="11.261">
    <failure type="org.openqa.selenium.ElementClickInterceptedException" message="element click intercepted: Element &amp;lt;input name=&amp;quot;departmentLabel&amp;quot; id=&amp;quot;department&amp;quot; class=&amp;quot;form-control input-sm mandatoryField&amp;quot; placeholder=&amp;quot;Department&amp;quot; type=&amp;quot;text&amp;quot; autocomplete=&amp;quot;off&amp;quot; value=&amp;quot;&amp;quot;&amp;gt; is not clickable at point (459, 330). Other element would receive the click: &amp;lt;div class=&amp;quot;swal2-container swal2-center swal2-backdrop-show&amp;quot; style=&amp;quot;overflow-y: auto;&amp;quot;&amp;gt;...&amp;lt;/div&amp;gt;
  (Session info: chrome=127.0.6533.120)
Build info: version: &amp;apos;4.11.0&amp;apos;, revision: &amp;apos;040bc5406b&amp;apos;
System info: os.name: &amp;apos;Windows 11&amp;apos;, os.arch: &amp;apos;amd64&amp;apos;, os.version: &amp;apos;10.0&amp;apos;, java.version: &amp;apos;17.0.4.1&amp;apos;
Driver info: org.openqa.selenium.chrome.ChromeDriver
Command: [e9a8f6ae4e16f2dd3393c5b7808eb588, clickElement {id=f.7B8148875CC8B49D3291B90684B27F98.d.BE16185BCD5F6958E6F61A639A8EA73D.e.6}]
Capabilities {acceptInsecureCerts: false, browserName: chrome, browserVersion: 127.0.6533.120, chrome: {chromedriverVersion: 127.0.6533.119 (bdef6783a05..., userDataDir: C:\Users\tpkta\AppData\Loca...}, fedcm:accounts: true, goog:chromeOptions: {debuggerAddress: localhost:50984}, networkConnectionEnabled: false, pageLoadStrategy: normal, platformName: windows, proxy: Proxy(), se:cdp: ws://localhost:50984/devtoo..., se:cdpVersion: 127.0.6533.120, setWindowRect: true, strictFileInteractability: false, timeouts: {implicit: 0, pageLoad: 300000, script: 30000}, unhandledPromptBehavior: dismiss and notify, webauthn:extension:credBlob: true, webauthn:extension:largeBlob: true, webauthn:extension:minPinLength: true, webauthn:extension:prf: true, webauthn:virtualAuthenticators: true}
Element: [[ChromeDriver: chrome on windows (e9a8f6ae4e16f2dd3393c5b7808eb588)] -&amp;gt; xpath: //input[@id=&amp;apos;department&amp;apos;]]
Session ID: e9a8f6ae4e16f2dd3393c5b7808eb588">
      <![CDATA[org.openqa.selenium.ElementClickInterceptedException: element click intercepted: Element <input name="departmentLabel" id="department" class="form-control input-sm mandatoryField" placeholder="Department" type="text" autocomplete="off" value=""> is not clickable at point (459, 330). Other element would receive the click: <div class="swal2-container swal2-center swal2-backdrop-show" style="overflow-y: auto;">...</div>
  (Session info: chrome=127.0.6533.120)
Build info: version: '4.11.0', revision: '040bc5406b'
System info: os.name: 'Windows 11', os.arch: 'amd64', os.version: '10.0', java.version: '17.0.4.1'
Driver info: org.openqa.selenium.chrome.ChromeDriver
Command: [e9a8f6ae4e16f2dd3393c5b7808eb588, clickElement {id=f.7B8148875CC8B49D3291B90684B27F98.d.BE16185BCD5F6958E6F61A639A8EA73D.e.6}]
Capabilities {acceptInsecureCerts: false, browserName: chrome, browserVersion: 127.0.6533.120, chrome: {chromedriverVersion: 127.0.6533.119 (bdef6783a05..., userDataDir: C:\Users\tpkta\AppData\Loca...}, fedcm:accounts: true, goog:chromeOptions: {debuggerAddress: localhost:50984}, networkConnectionEnabled: false, pageLoadStrategy: normal, platformName: windows, proxy: Proxy(), se:cdp: ws://localhost:50984/devtoo..., se:cdpVersion: 127.0.6533.120, setWindowRect: true, strictFileInteractability: false, timeouts: {implicit: 0, pageLoad: 300000, script: 30000}, unhandledPromptBehavior: dismiss and notify, webauthn:extension:credBlob: true, webauthn:extension:largeBlob: true, webauthn:extension:minPinLength: true, webauthn:extension:prf: true, webauthn:virtualAuthenticators: true}
Element: [[ChromeDriver: chrome on windows (e9a8f6ae4e16f2dd3393c5b7808eb588)] -> xpath: //input[@id='department']]
Session ID: e9a8f6ae4e16f2dd3393c5b7808eb588
	at org.openqa.selenium.remote.codec.w3c.W3CHttpResponseCodec.createException(W3CHttpResponseCodec.java:200)
	at org.openqa.selenium.remote.codec.w3c.W3CHttpResponseCodec.decode(W3CHttpResponseCodec.java:133)
	at org.openqa.selenium.remote.codec.w3c.W3CHttpResponseCodec.decode(W3CHttpResponseCodec.java:52)
	at org.openqa.selenium.remote.HttpCommandExecutor.execute(HttpCommandExecutor.java:191)
	at org.openqa.selenium.remote.service.DriverCommandExecutor.invokeExecute(DriverCommandExecutor.java:196)
	at org.openqa.selenium.remote.service.DriverCommandExecutor.execute(DriverCommandExecutor.java:171)
	at org.openqa.selenium.remote.RemoteWebDriver.execute(RemoteWebDriver.java:518)
	at org.openqa.selenium.remote.RemoteWebElement.execute(RemoteWebElement.java:224)
	at org.openqa.selenium.remote.RemoteWebElement.click(RemoteWebElement.java:77)
	at com.apcfss.pages.BasePage.click(BasePage.java:23)
	at com.apcfss.pdchallan.pages.TreasuryInfoPage.clickOnDepartmentTextBox(TreasuryInfoPage.java:31)
	at com.apcfss.tests.PDChallanTest.EnterDataAndClickProceedClickSubmitWithManualModeCheckAknowledgePageDetails(PDChallanTest.java:211)
	at java.base/java.util.concurrent.ThreadPoolExecutor.runWorker(ThreadPoolExecutor.java:1136)
	at java.base/java.util.concurrent.ThreadPoolExecutor$Worker.run(ThreadPoolExecutor.java:635)
	at java.base/java.lang.Thread.run(Thread.java:833)
... Removed 15 stack frames]]>
    </failure>
  </testcase> <!-- EnterDataAndClickProceedClickSubmitWithManualModeCheckAknowledgePageDetails -->
  <testcase classname="com.apcfss.tests.PDChallanTest" name="EnterDataAndClickProceedClickSubmitWithRtgsStatus" time="11.264">
    <failure type="org.openqa.selenium.ElementClickInterceptedException" message="element click intercepted: Element &amp;lt;input name=&amp;quot;departmentLabel&amp;quot; id=&amp;quot;department&amp;quot; class=&amp;quot;form-control input-sm mandatoryField&amp;quot; placeholder=&amp;quot;Department&amp;quot; type=&amp;quot;text&amp;quot; autocomplete=&amp;quot;off&amp;quot; value=&amp;quot;&amp;quot;&amp;gt; is not clickable at point (459, 330). Other element would receive the click: &amp;lt;div class=&amp;quot;swal2-container swal2-center swal2-backdrop-show&amp;quot; style=&amp;quot;overflow-y: auto;&amp;quot;&amp;gt;...&amp;lt;/div&amp;gt;
  (Session info: chrome=127.0.6533.120)
Build info: version: &amp;apos;4.11.0&amp;apos;, revision: &amp;apos;040bc5406b&amp;apos;
System info: os.name: &amp;apos;Windows 11&amp;apos;, os.arch: &amp;apos;amd64&amp;apos;, os.version: &amp;apos;10.0&amp;apos;, java.version: &amp;apos;17.0.4.1&amp;apos;
Driver info: org.openqa.selenium.chrome.ChromeDriver
Command: [f011ea15357192cc57078028ba171e55, clickElement {id=f.0A4A2FCF5B5904C46C9EAACA5510DA1A.d.8E5F42E75BC3A56444C3C203C69F047F.e.6}]
Capabilities {acceptInsecureCerts: false, browserName: chrome, browserVersion: 127.0.6533.120, chrome: {chromedriverVersion: 127.0.6533.119 (bdef6783a05..., userDataDir: C:\Users\tpkta\AppData\Loca...}, fedcm:accounts: true, goog:chromeOptions: {debuggerAddress: localhost:51015}, networkConnectionEnabled: false, pageLoadStrategy: normal, platformName: windows, proxy: Proxy(), se:cdp: ws://localhost:51015/devtoo..., se:cdpVersion: 127.0.6533.120, setWindowRect: true, strictFileInteractability: false, timeouts: {implicit: 0, pageLoad: 300000, script: 30000}, unhandledPromptBehavior: dismiss and notify, webauthn:extension:credBlob: true, webauthn:extension:largeBlob: true, webauthn:extension:minPinLength: true, webauthn:extension:prf: true, webauthn:virtualAuthenticators: true}
Element: [[ChromeDriver: chrome on windows (f011ea15357192cc57078028ba171e55)] -&amp;gt; xpath: //input[@id=&amp;apos;department&amp;apos;]]
Session ID: f011ea15357192cc57078028ba171e55">
      <![CDATA[org.openqa.selenium.ElementClickInterceptedException: element click intercepted: Element <input name="departmentLabel" id="department" class="form-control input-sm mandatoryField" placeholder="Department" type="text" autocomplete="off" value=""> is not clickable at point (459, 330). Other element would receive the click: <div class="swal2-container swal2-center swal2-backdrop-show" style="overflow-y: auto;">...</div>
  (Session info: chrome=127.0.6533.120)
Build info: version: '4.11.0', revision: '040bc5406b'
System info: os.name: 'Windows 11', os.arch: 'amd64', os.version: '10.0', java.version: '17.0.4.1'
Driver info: org.openqa.selenium.chrome.ChromeDriver
Command: [f011ea15357192cc57078028ba171e55, clickElement {id=f.0A4A2FCF5B5904C46C9EAACA5510DA1A.d.8E5F42E75BC3A56444C3C203C69F047F.e.6}]
Capabilities {acceptInsecureCerts: false, browserName: chrome, browserVersion: 127.0.6533.120, chrome: {chromedriverVersion: 127.0.6533.119 (bdef6783a05..., userDataDir: C:\Users\tpkta\AppData\Loca...}, fedcm:accounts: true, goog:chromeOptions: {debuggerAddress: localhost:51015}, networkConnectionEnabled: false, pageLoadStrategy: normal, platformName: windows, proxy: Proxy(), se:cdp: ws://localhost:51015/devtoo..., se:cdpVersion: 127.0.6533.120, setWindowRect: true, strictFileInteractability: false, timeouts: {implicit: 0, pageLoad: 300000, script: 30000}, unhandledPromptBehavior: dismiss and notify, webauthn:extension:credBlob: true, webauthn:extension:largeBlob: true, webauthn:extension:minPinLength: true, webauthn:extension:prf: true, webauthn:virtualAuthenticators: true}
Element: [[ChromeDriver: chrome on windows (f011ea15357192cc57078028ba171e55)] -> xpath: //input[@id='department']]
Session ID: f011ea15357192cc57078028ba171e55
	at org.openqa.selenium.remote.codec.w3c.W3CHttpResponseCodec.createException(W3CHttpResponseCodec.java:200)
	at org.openqa.selenium.remote.codec.w3c.W3CHttpResponseCodec.decode(W3CHttpResponseCodec.java:133)
	at org.openqa.selenium.remote.codec.w3c.W3CHttpResponseCodec.decode(W3CHttpResponseCodec.java:52)
	at org.openqa.selenium.remote.HttpCommandExecutor.execute(HttpCommandExecutor.java:191)
	at org.openqa.selenium.remote.service.DriverCommandExecutor.invokeExecute(DriverCommandExecutor.java:196)
	at org.openqa.selenium.remote.service.DriverCommandExecutor.execute(DriverCommandExecutor.java:171)
	at org.openqa.selenium.remote.RemoteWebDriver.execute(RemoteWebDriver.java:518)
	at org.openqa.selenium.remote.RemoteWebElement.execute(RemoteWebElement.java:224)
	at org.openqa.selenium.remote.RemoteWebElement.click(RemoteWebElement.java:77)
	at com.apcfss.pages.BasePage.click(BasePage.java:23)
	at com.apcfss.pdchallan.pages.TreasuryInfoPage.clickOnDepartmentTextBox(TreasuryInfoPage.java:31)
	at com.apcfss.tests.PDChallanTest.EnterDataAndClickProceedClickSubmitWithRtgsStatus(PDChallanTest.java:225)
	at java.base/java.util.concurrent.ThreadPoolExecutor.runWorker(ThreadPoolExecutor.java:1136)
	at java.base/java.util.concurrent.ThreadPoolExecutor$Worker.run(ThreadPoolExecutor.java:635)
	at java.base/java.lang.Thread.run(Thread.java:833)
... Removed 15 stack frames]]>
    </failure>
  </testcase> <!-- EnterDataAndClickProceedClickSubmitWithRtgsStatus -->
  <testcase classname="com.apcfss.tests.PDChallanTest" name="EnterDataAndClickProceedClickSubmitWithEpayClickPayU" time="11.399">
    <failure type="org.openqa.selenium.ElementClickInterceptedException" message="element click intercepted: Element &amp;lt;input name=&amp;quot;departmentLabel&amp;quot; id=&amp;quot;department&amp;quot; class=&amp;quot;form-control input-sm mandatoryField&amp;quot; placeholder=&amp;quot;Department&amp;quot; type=&amp;quot;text&amp;quot; autocomplete=&amp;quot;off&amp;quot; value=&amp;quot;&amp;quot;&amp;gt; is not clickable at point (459, 330). Other element would receive the click: &amp;lt;div class=&amp;quot;swal2-container swal2-center swal2-backdrop-show&amp;quot; style=&amp;quot;overflow-y: auto;&amp;quot;&amp;gt;...&amp;lt;/div&amp;gt;
  (Session info: chrome=127.0.6533.120)
Build info: version: &amp;apos;4.11.0&amp;apos;, revision: &amp;apos;040bc5406b&amp;apos;
System info: os.name: &amp;apos;Windows 11&amp;apos;, os.arch: &amp;apos;amd64&amp;apos;, os.version: &amp;apos;10.0&amp;apos;, java.version: &amp;apos;17.0.4.1&amp;apos;
Driver info: org.openqa.selenium.chrome.ChromeDriver
Command: [961a6e76b33643f9a32693806c637941, clickElement {id=f.21EFD8553AA98FABBDC68535B57A9085.d.D4963473C5A2AD857446A5217B233413.e.8}]
Capabilities {acceptInsecureCerts: false, browserName: chrome, browserVersion: 127.0.6533.120, chrome: {chromedriverVersion: 127.0.6533.119 (bdef6783a05..., userDataDir: C:\Users\tpkta\AppData\Loca...}, fedcm:accounts: true, goog:chromeOptions: {debuggerAddress: localhost:51045}, networkConnectionEnabled: false, pageLoadStrategy: normal, platformName: windows, proxy: Proxy(), se:cdp: ws://localhost:51045/devtoo..., se:cdpVersion: 127.0.6533.120, setWindowRect: true, strictFileInteractability: false, timeouts: {implicit: 0, pageLoad: 300000, script: 30000}, unhandledPromptBehavior: dismiss and notify, webauthn:extension:credBlob: true, webauthn:extension:largeBlob: true, webauthn:extension:minPinLength: true, webauthn:extension:prf: true, webauthn:virtualAuthenticators: true}
Element: [[ChromeDriver: chrome on windows (961a6e76b33643f9a32693806c637941)] -&amp;gt; xpath: //input[@id=&amp;apos;department&amp;apos;]]
Session ID: 961a6e76b33643f9a32693806c637941">
      <![CDATA[org.openqa.selenium.ElementClickInterceptedException: element click intercepted: Element <input name="departmentLabel" id="department" class="form-control input-sm mandatoryField" placeholder="Department" type="text" autocomplete="off" value=""> is not clickable at point (459, 330). Other element would receive the click: <div class="swal2-container swal2-center swal2-backdrop-show" style="overflow-y: auto;">...</div>
  (Session info: chrome=127.0.6533.120)
Build info: version: '4.11.0', revision: '040bc5406b'
System info: os.name: 'Windows 11', os.arch: 'amd64', os.version: '10.0', java.version: '17.0.4.1'
Driver info: org.openqa.selenium.chrome.ChromeDriver
Command: [961a6e76b33643f9a32693806c637941, clickElement {id=f.21EFD8553AA98FABBDC68535B57A9085.d.D4963473C5A2AD857446A5217B233413.e.8}]
Capabilities {acceptInsecureCerts: false, browserName: chrome, browserVersion: 127.0.6533.120, chrome: {chromedriverVersion: 127.0.6533.119 (bdef6783a05..., userDataDir: C:\Users\tpkta\AppData\Loca...}, fedcm:accounts: true, goog:chromeOptions: {debuggerAddress: localhost:51045}, networkConnectionEnabled: false, pageLoadStrategy: normal, platformName: windows, proxy: Proxy(), se:cdp: ws://localhost:51045/devtoo..., se:cdpVersion: 127.0.6533.120, setWindowRect: true, strictFileInteractability: false, timeouts: {implicit: 0, pageLoad: 300000, script: 30000}, unhandledPromptBehavior: dismiss and notify, webauthn:extension:credBlob: true, webauthn:extension:largeBlob: true, webauthn:extension:minPinLength: true, webauthn:extension:prf: true, webauthn:virtualAuthenticators: true}
Element: [[ChromeDriver: chrome on windows (961a6e76b33643f9a32693806c637941)] -> xpath: //input[@id='department']]
Session ID: 961a6e76b33643f9a32693806c637941
	at org.openqa.selenium.remote.codec.w3c.W3CHttpResponseCodec.createException(W3CHttpResponseCodec.java:200)
	at org.openqa.selenium.remote.codec.w3c.W3CHttpResponseCodec.decode(W3CHttpResponseCodec.java:133)
	at org.openqa.selenium.remote.codec.w3c.W3CHttpResponseCodec.decode(W3CHttpResponseCodec.java:52)
	at org.openqa.selenium.remote.HttpCommandExecutor.execute(HttpCommandExecutor.java:191)
	at org.openqa.selenium.remote.service.DriverCommandExecutor.invokeExecute(DriverCommandExecutor.java:196)
	at org.openqa.selenium.remote.service.DriverCommandExecutor.execute(DriverCommandExecutor.java:171)
	at org.openqa.selenium.remote.RemoteWebDriver.execute(RemoteWebDriver.java:518)
	at org.openqa.selenium.remote.RemoteWebElement.execute(RemoteWebElement.java:224)
	at org.openqa.selenium.remote.RemoteWebElement.click(RemoteWebElement.java:77)
	at com.apcfss.pages.BasePage.click(BasePage.java:23)
	at com.apcfss.pdchallan.pages.TreasuryInfoPage.clickOnDepartmentTextBox(TreasuryInfoPage.java:31)
	at com.apcfss.tests.PDChallanTest.EnterDataAndClickProceedClickSubmitWithEpayClickPayU(PDChallanTest.java:258)
	at java.base/java.util.concurrent.ThreadPoolExecutor.runWorker(ThreadPoolExecutor.java:1136)
	at java.base/java.util.concurrent.ThreadPoolExecutor$Worker.run(ThreadPoolExecutor.java:635)
	at java.base/java.lang.Thread.run(Thread.java:833)
... Removed 15 stack frames]]>
    </failure>
  </testcase> <!-- EnterDataAndClickProceedClickSubmitWithEpayClickPayU -->
  <testcase classname="com.apcfss.tests.PDChallanTest" name="EnterDataAndClickProceedClickSubmitWithEpayClickSbi" time="11.32">
    <failure type="org.openqa.selenium.ElementClickInterceptedException" message="element click intercepted: Element &amp;lt;input name=&amp;quot;departmentLabel&amp;quot; id=&amp;quot;department&amp;quot; class=&amp;quot;form-control input-sm mandatoryField&amp;quot; placeholder=&amp;quot;Department&amp;quot; type=&amp;quot;text&amp;quot; autocomplete=&amp;quot;off&amp;quot; value=&amp;quot;&amp;quot;&amp;gt; is not clickable at point (459, 330). Other element would receive the click: &amp;lt;div class=&amp;quot;swal2-container swal2-center swal2-backdrop-show&amp;quot; style=&amp;quot;overflow-y: auto;&amp;quot;&amp;gt;...&amp;lt;/div&amp;gt;
  (Session info: chrome=127.0.6533.120)
Build info: version: &amp;apos;4.11.0&amp;apos;, revision: &amp;apos;040bc5406b&amp;apos;
System info: os.name: &amp;apos;Windows 11&amp;apos;, os.arch: &amp;apos;amd64&amp;apos;, os.version: &amp;apos;10.0&amp;apos;, java.version: &amp;apos;17.0.4.1&amp;apos;
Driver info: org.openqa.selenium.chrome.ChromeDriver
Command: [92ad7eef3055040e5096a84b45f6619d, clickElement {id=f.5269C8FF058DB7EA5F54896C35ADD5CF.d.A6EFB94F26918AEAC49B4643DC23AB64.e.4}]
Capabilities {acceptInsecureCerts: false, browserName: chrome, browserVersion: 127.0.6533.120, chrome: {chromedriverVersion: 127.0.6533.119 (bdef6783a05..., userDataDir: C:\Users\tpkta\AppData\Loca...}, fedcm:accounts: true, goog:chromeOptions: {debuggerAddress: localhost:51076}, networkConnectionEnabled: false, pageLoadStrategy: normal, platformName: windows, proxy: Proxy(), se:cdp: ws://localhost:51076/devtoo..., se:cdpVersion: 127.0.6533.120, setWindowRect: true, strictFileInteractability: false, timeouts: {implicit: 0, pageLoad: 300000, script: 30000}, unhandledPromptBehavior: dismiss and notify, webauthn:extension:credBlob: true, webauthn:extension:largeBlob: true, webauthn:extension:minPinLength: true, webauthn:extension:prf: true, webauthn:virtualAuthenticators: true}
Element: [[ChromeDriver: chrome on windows (92ad7eef3055040e5096a84b45f6619d)] -&amp;gt; xpath: //input[@id=&amp;apos;department&amp;apos;]]
Session ID: 92ad7eef3055040e5096a84b45f6619d">
      <![CDATA[org.openqa.selenium.ElementClickInterceptedException: element click intercepted: Element <input name="departmentLabel" id="department" class="form-control input-sm mandatoryField" placeholder="Department" type="text" autocomplete="off" value=""> is not clickable at point (459, 330). Other element would receive the click: <div class="swal2-container swal2-center swal2-backdrop-show" style="overflow-y: auto;">...</div>
  (Session info: chrome=127.0.6533.120)
Build info: version: '4.11.0', revision: '040bc5406b'
System info: os.name: 'Windows 11', os.arch: 'amd64', os.version: '10.0', java.version: '17.0.4.1'
Driver info: org.openqa.selenium.chrome.ChromeDriver
Command: [92ad7eef3055040e5096a84b45f6619d, clickElement {id=f.5269C8FF058DB7EA5F54896C35ADD5CF.d.A6EFB94F26918AEAC49B4643DC23AB64.e.4}]
Capabilities {acceptInsecureCerts: false, browserName: chrome, browserVersion: 127.0.6533.120, chrome: {chromedriverVersion: 127.0.6533.119 (bdef6783a05..., userDataDir: C:\Users\tpkta\AppData\Loca...}, fedcm:accounts: true, goog:chromeOptions: {debuggerAddress: localhost:51076}, networkConnectionEnabled: false, pageLoadStrategy: normal, platformName: windows, proxy: Proxy(), se:cdp: ws://localhost:51076/devtoo..., se:cdpVersion: 127.0.6533.120, setWindowRect: true, strictFileInteractability: false, timeouts: {implicit: 0, pageLoad: 300000, script: 30000}, unhandledPromptBehavior: dismiss and notify, webauthn:extension:credBlob: true, webauthn:extension:largeBlob: true, webauthn:extension:minPinLength: true, webauthn:extension:prf: true, webauthn:virtualAuthenticators: true}
Element: [[ChromeDriver: chrome on windows (92ad7eef3055040e5096a84b45f6619d)] -> xpath: //input[@id='department']]
Session ID: 92ad7eef3055040e5096a84b45f6619d
	at org.openqa.selenium.remote.codec.w3c.W3CHttpResponseCodec.createException(W3CHttpResponseCodec.java:200)
	at org.openqa.selenium.remote.codec.w3c.W3CHttpResponseCodec.decode(W3CHttpResponseCodec.java:133)
	at org.openqa.selenium.remote.codec.w3c.W3CHttpResponseCodec.decode(W3CHttpResponseCodec.java:52)
	at org.openqa.selenium.remote.HttpCommandExecutor.execute(HttpCommandExecutor.java:191)
	at org.openqa.selenium.remote.service.DriverCommandExecutor.invokeExecute(DriverCommandExecutor.java:196)
	at org.openqa.selenium.remote.service.DriverCommandExecutor.execute(DriverCommandExecutor.java:171)
	at org.openqa.selenium.remote.RemoteWebDriver.execute(RemoteWebDriver.java:518)
	at org.openqa.selenium.remote.RemoteWebElement.execute(RemoteWebElement.java:224)
	at org.openqa.selenium.remote.RemoteWebElement.click(RemoteWebElement.java:77)
	at com.apcfss.pages.BasePage.click(BasePage.java:23)
	at com.apcfss.pdchallan.pages.TreasuryInfoPage.clickOnDepartmentTextBox(TreasuryInfoPage.java:31)
	at com.apcfss.tests.PDChallanTest.EnterDataAndClickProceedClickSubmitWithEpayClickSbi(PDChallanTest.java:241)
	at java.base/java.util.concurrent.ThreadPoolExecutor.runWorker(ThreadPoolExecutor.java:1136)
	at java.base/java.util.concurrent.ThreadPoolExecutor$Worker.run(ThreadPoolExecutor.java:635)
	at java.base/java.lang.Thread.run(Thread.java:833)
... Removed 15 stack frames]]>
    </failure>
  </testcase> <!-- EnterDataAndClickProceedClickSubmitWithEpayClickSbi -->
</testsuite> <!-- Test -->
