<?xml version="1.0" encoding="UTF-8"?>
<!-- Generated by org.testng.reporters.JUnitXMLReporter -->
<testsuite hostname="PAVANKUMAR" failures="0" tests="3" name="Test1" time="6.425" errors="0" timestamp="2 Jun 2023 09:48:48 GMT">
  <testcase classname="com.apcfss.tests.PDChallanTest" name="verifyModuleLogoAndTitle" time="0.049"/>
  <testcase classname="com.apcfss.tests.PDChallanTest" name="ClickOnDepartmentInputBox" time="1.74"/>
  <testcase classname="com.apcfss.tests.PDChallanTest" name="ClickOnServiceInputBox" time="2.782"/>
</testsuite> <!-- Test1 -->
