<?xml version="1.0" encoding="UTF-8"?>
<testng-results total="1" passed="1" failed="0" skipped="0">
  <reporter-output>
  </reporter-output>
  <suite started-at="2024-12-02T04:00:32Z" name="Default suite" finished-at="2024-12-02T04:03:16Z" duration-ms="164186">
    <groups>
    </groups>
    <test started-at="2024-12-02T04:00:32Z" name="Default test" finished-at="2024-12-02T04:03:16Z" duration-ms="164186">
      <class name="com.apcfss.tests.NidhiClassIVTest">
        <test-method is-config="true" signature="setUp()[pri:0, instance:com.apcfss.tests.NidhiClassIVTest@324a0017]" started-at="2024-12-02T09:30:32Z" name="setUp" finished-at="2024-12-02T09:30:52Z" duration-ms="19789" status="PASS">
          <reporter-output>
          </reporter-output>
        </test-method> <!-- setUp -->
        <test-method signature="classIVtest()[pri:0, instance:com.apcfss.tests.NidhiClassIVTest@324a0017]" started-at="2024-12-02T09:30:52Z" name="classIVtest" finished-at="2024-12-02T09:33:14Z" duration-ms="142107" status="PASS">
          <reporter-output>
          </reporter-output>
        </test-method> <!-- classIVtest -->
        <test-method is-config="true" signature="tearDown()[pri:0, instance:com.apcfss.tests.NidhiClassIVTest@324a0017]" started-at="2024-12-02T09:33:15Z" name="tearDown" finished-at="2024-12-02T09:33:16Z" duration-ms="1614" status="PASS">
          <reporter-output>
          </reporter-output>
        </test-method> <!-- tearDown -->
      </class> <!-- com.apcfss.tests.NidhiClassIVTest -->
    </test> <!-- Default test -->
  </suite> <!-- Default suite -->
</testng-results>
